<?xml version="1.0" encoding="UTF-8"?>
<!-- Generated by org.testng.reporters.JUnitReportReporter -->
<testsuite hostname="LAPTOP-5PVFR6I4" failures="0" tests="2" name="com.crm.OpportunityTests.CreateOpportunityWithMappingOrganizationTest" time="21.409" errors="1" timestamp="2022-03-03T17:37:15 IST" skipped="1">
  <testcase classname="com.crm.OpportunityTests.CreateOpportunityWithMappingOrganizationTest" name="launchBrowser" time="21.409">
    <error message="session not created
from disconnected: received Inspector.detached event
  (Session info: chrome=98.0.4758.102)
Build info: version: &#039;3.141.59&#039;, revision: &#039;e82be7d358&#039;, time: &#039;2018-11-14T08:17:03&#039;
System info: host: &#039;LAPTOP-5PVFR6I4&#039;, ip: &#039;127.0.0.1&#039;, os.name: &#039;Windows 10&#039;, os.arch: &#039;amd64&#039;, os.version: &#039;10.0&#039;, java.version: &#039;17.0.1&#039;
Driver info: driver.version: ChromeDriver
remote stacktrace: Backtrace:
	Ordinal0 [0x00F269A3+2582947]
	Ordinal0 [0x00EBA6D1+2139857]
	Ordinal0 [0x00DB3A98+1063576]
	Ordinal0 [0x00DA6410+1008656]
	Ordinal0 [0x00DA5FE3+1007587]
	Ordinal0 [0x00DA55F0+1005040]
	Ordinal0 [0x00DA4727+1001255]
	Ordinal0 [0x00DA49E6+1001958]
	Ordinal0 [0x00DA42C5+1000133]
	Ordinal0 [0x00DAF993+1046931]
	Ordinal0 [0x00DA4275+1000053]
	Ordinal0 [0x00DA51F8+1004024]
	Ordinal0 [0x00DA4727+1001255]
	Ordinal0 [0x00DA49E6+1001958]
	Ordinal0 [0x00DA42C5+1000133]
	Ordinal0 [0x00DAD6D3+1038035]
	Ordinal0 [0x00DA4275+1000053]
	Ordinal0 [0x00DA51F8+1004024]
	Ordinal0 [0x00DA4727+1001255]
	Ordinal0 [0x00DA49E6+1001958]
	Ordinal0 [0x00DA42C5+1000133]
	Ordinal0 [0x00DAB3B9+1029049]
	Ordinal0 [0x00DA4275+1000053]
	Ordinal0 [0x00DA51F8+1004024]
	Ordinal0 [0x00DA4727+1001255]
	Ordinal0 [0x00DA4AF7+1002231]
	Ordinal0 [0x00DA4AA8+1002152]
	Ordinal0 [0x00DAA566+1025382]
	Ordinal0 [0x00DA4275+1000053]
	Ordinal0 [0x00DA51F8+1004024]
	Ordinal0 [0x00DA4727+1001255]
	Ordinal0 [0x00DA49E6+1001958]
	Ordinal0 [0x00DA42C5+1000133]
	Ordinal0 [0x00D9FC8D+982157]
	Ordinal0 [0x00DA4275+1000053]
	Ordinal0 [0x00DA4000+999424]
	Ordinal0 [0x00DA3D49+998729]
	Ordinal0 [0x00DB4DD0+1068496]
	Ordinal0 [0x00DFE03C+1368124]
	Ordinal0 [0x00DFCC2A+1362986]
	Ordinal0 [0x00DF8366+1344358]
	Ordinal0 [0x00DD5176+1200502]
	Ordinal0 [0x00DD6066+1204326]
	GetHandleVerifier [0x010CBE02+1675858]
	GetHandleVerifier [0x0118036C+2414524]
	GetHandleVerifier [0x00FBBB01+560977]
	GetHandleVerifier [0x00FBA8D3+556323]
	Ordinal0 [0x00EC020E+2163214]
	Ordinal0 [0x00EC5078+2183288]
	Ordinal0 [0x00EC51C0+2183616]
	Ordinal0 [0x00ECEE1C+2223644]
	BaseThreadInitThunk [0x7695FA29+25]
	RtlGetAppContainerNamedObjectPath [0x77CF7A9E+286]
	RtlGetAppContainerNamedObjectPath [0x77CF7A6E+238]
" type="org.openqa.selenium.SessionNotCreatedException">
      <![CDATA[org.openqa.selenium.SessionNotCreatedException: session not created
from disconnected: received Inspector.detached event
  (Session info: chrome=98.0.4758.102)
Build info: version: '3.141.59', revision: 'e82be7d358', time: '2018-11-14T08:17:03'
System info: host: 'LAPTOP-5PVFR6I4', ip: '127.0.0.1', os.name: 'Windows 10', os.arch: 'amd64', os.version: '10.0', java.version: '17.0.1'
Driver info: driver.version: ChromeDriver
remote stacktrace: Backtrace:
Ordinal0 [0x00F269A3+2582947]
Ordinal0 [0x00EBA6D1+2139857]
Ordinal0 [0x00DB3A98+1063576]
Ordinal0 [0x00DA6410+1008656]
Ordinal0 [0x00DA5FE3+1007587]
Ordinal0 [0x00DA55F0+1005040]
Ordinal0 [0x00DA4727+1001255]
Ordinal0 [0x00DA49E6+1001958]
Ordinal0 [0x00DA42C5+1000133]
Ordinal0 [0x00DAF993+1046931]
Ordinal0 [0x00DA4275+1000053]
Ordinal0 [0x00DA51F8+1004024]
Ordinal0 [0x00DA4727+1001255]
Ordinal0 [0x00DA49E6+1001958]
Ordinal0 [0x00DA42C5+1000133]
Ordinal0 [0x00DAD6D3+1038035]
Ordinal0 [0x00DA4275+1000053]
Ordinal0 [0x00DA51F8+1004024]
Ordinal0 [0x00DA4727+1001255]
Ordinal0 [0x00DA49E6+1001958]
Ordinal0 [0x00DA42C5+1000133]
Ordinal0 [0x00DAB3B9+1029049]
Ordinal0 [0x00DA4275+1000053]
Ordinal0 [0x00DA51F8+1004024]
Ordinal0 [0x00DA4727+1001255]
Ordinal0 [0x00DA4AF7+1002231]
Ordinal0 [0x00DA4AA8+1002152]
Ordinal0 [0x00DAA566+1025382]
Ordinal0 [0x00DA4275+1000053]
Ordinal0 [0x00DA51F8+1004024]
Ordinal0 [0x00DA4727+1001255]
Ordinal0 [0x00DA49E6+1001958]
Ordinal0 [0x00DA42C5+1000133]
Ordinal0 [0x00D9FC8D+982157]
Ordinal0 [0x00DA4275+1000053]
Ordinal0 [0x00DA4000+999424]
Ordinal0 [0x00DA3D49+998729]
Ordinal0 [0x00DB4DD0+1068496]
Ordinal0 [0x00DFE03C+1368124]
Ordinal0 [0x00DFCC2A+1362986]
Ordinal0 [0x00DF8366+1344358]
Ordinal0 [0x00DD5176+1200502]
Ordinal0 [0x00DD6066+1204326]
GetHandleVerifier [0x010CBE02+1675858]
GetHandleVerifier [0x0118036C+2414524]
GetHandleVerifier [0x00FBBB01+560977]
GetHandleVerifier [0x00FBA8D3+556323]
Ordinal0 [0x00EC020E+2163214]
Ordinal0 [0x00EC5078+2183288]
Ordinal0 [0x00EC51C0+2183616]
Ordinal0 [0x00ECEE1C+2223644]
BaseThreadInitThunk [0x7695FA29+25]
RtlGetAppContainerNamedObjectPath [0x77CF7A9E+286]
RtlGetAppContainerNamedObjectPath [0x77CF7A6E+238]

at java.base/jdk.internal.reflect.NativeConstructorAccessorImpl.newInstance0(Native Method)
at java.base/jdk.internal.reflect.NativeConstructorAccessorImpl.newInstance(NativeConstructorAccessorImpl.java:77)
at java.base/jdk.internal.reflect.DelegatingConstructorAccessorImpl.newInstance(DelegatingConstructorAccessorImpl.java:45)
at java.base/java.lang.reflect.Constructor.newInstanceWithCaller(Constructor.java:499)
at java.base/java.lang.reflect.Constructor.newInstance(Constructor.java:480)
at org.openqa.selenium.remote.W3CHandshakeResponse.lambda$errorHandler$0(W3CHandshakeResponse.java:62)
at org.openqa.selenium.remote.HandshakeResponse.lambda$getResponseFunction$0(HandshakeResponse.java:30)
at org.openqa.selenium.remote.ProtocolHandshake.lambda$createSession$0(ProtocolHandshake.java:126)
at java.base/java.util.stream.ReferencePipeline$3$1.accept(ReferencePipeline.java:197)
at java.base/java.util.Spliterators$ArraySpliterator.tryAdvance(Spliterators.java:1002)
at java.base/java.util.stream.ReferencePipeline.forEachWithCancel(ReferencePipeline.java:129)
at java.base/java.util.stream.AbstractPipeline.copyIntoWithCancel(AbstractPipeline.java:527)
at java.base/java.util.stream.AbstractPipeline.copyInto(AbstractPipeline.java:513)
at java.base/java.util.stream.AbstractPipeline.wrapAndCopyInto(AbstractPipeline.java:499)
at java.base/java.util.stream.FindOps$FindOp.evaluateSequential(FindOps.java:150)
at java.base/java.util.stream.AbstractPipeline.evaluate(AbstractPipeline.java:234)
at java.base/java.util.stream.ReferencePipeline.findFirst(ReferencePipeline.java:647)
at org.openqa.selenium.remote.ProtocolHandshake.createSession(ProtocolHandshake.java:128)
at org.openqa.selenium.remote.ProtocolHandshake.createSession(ProtocolHandshake.java:74)
at org.openqa.selenium.remote.HttpCommandExecutor.execute(HttpCommandExecutor.java:136)
at org.openqa.selenium.remote.service.DriverCommandExecutor.execute(DriverCommandExecutor.java:83)
at org.openqa.selenium.remote.RemoteWebDriver.execute(RemoteWebDriver.java:552)
at org.openqa.selenium.remote.RemoteWebDriver.startSession(RemoteWebDriver.java:213)
at org.openqa.selenium.remote.RemoteWebDriver.<init>(RemoteWebDriver.java:131)
at org.openqa.selenium.chrome.ChromeDriver.<init>(ChromeDriver.java:181)
at org.openqa.selenium.chrome.ChromeDriver.<init>(ChromeDriver.java:168)
at org.openqa.selenium.chrome.ChromeDriver.<init>(ChromeDriver.java:123)
at com.crm.GenericLibrary.BaseClass.launchBrowser(BaseClass.java:47)
at java.base/jdk.internal.reflect.NativeMethodAccessorImpl.invoke0(Native Method)
at java.base/jdk.internal.reflect.NativeMethodAccessorImpl.invoke(NativeMethodAccessorImpl.java:77)
at java.base/jdk.internal.reflect.DelegatingMethodAccessorImpl.invoke(DelegatingMethodAccessorImpl.java:43)
at java.base/java.lang.reflect.Method.invoke(Method.java:568)
at org.testng.internal.MethodInvocationHelper.invokeMethod(MethodInvocationHelper.java:133)
at org.testng.internal.MethodInvocationHelper.invokeMethodConsideringTimeout(MethodInvocationHelper.java:62)
at org.testng.internal.ConfigInvoker.invokeConfigurationMethod(ConfigInvoker.java:385)
at org.testng.internal.ConfigInvoker.invokeConfigurations(ConfigInvoker.java:321)
at org.testng.TestRunner.invokeTestConfigurations(TestRunner.java:637)
at org.testng.TestRunner.beforeRun(TestRunner.java:627)
at org.testng.TestRunner.run(TestRunner.java:589)
at org.testng.SuiteRunner.runTest(SuiteRunner.java:377)
at org.testng.SuiteRunner.access$000(SuiteRunner.java:28)
at org.testng.SuiteRunner$SuiteWorker.run(SuiteRunner.java:418)
at org.testng.internal.thread.ThreadUtil.lambda$execute$0(ThreadUtil.java:64)
at java.base/java.util.concurrent.FutureTask.run(FutureTask.java:264)
at java.base/java.util.concurrent.ThreadPoolExecutor.runWorker(ThreadPoolExecutor.java:1136)
at java.base/java.util.concurrent.ThreadPoolExecutor$Worker.run(ThreadPoolExecutor.java:635)
at java.base/java.lang.Thread.run(Thread.java:833)
]]>
    </error>
  </testcase> <!-- launchBrowser -->
  <system-out/>
  <testcase classname="com.crm.OpportunityTests.CreateOpportunityWithMappingOrganizationTest" name="createOpportunityWithMappingOrganizationTest" time="0.000">
    <skipped/>
  </testcase> <!-- createOpportunityWithMappingOrganizationTest -->
  <system-out/>
</testsuite> <!-- com.crm.OpportunityTests.CreateOpportunityWithMappingOrganizationTest -->
